mod: loaded OpenMPI 1.8.1, compiled with gcc4.9 (found in /opt/openmpi/1.8.1gcc4.9/)
+ SG_PATH=/pica/h1/afshin/Damavand/D3/sg_scheduler/bin/Debug/sg_scheduler.so
+ BLAS_PATH=
+ CUBLAS_PATH=/pica/h1/afshin/Damavand/D3/cuBLAS_scheduler/CUBLAS.so
+ B1=2
+ B2=1
+ M=10
+ timeout=300
+ app=./bin/Debug/apps
+ app=./bin/Release/apps
+ rm gemm_dt_cublas.1.0 'core.*'
rm: cannot remove `core.*': No such file or directory
+ cfg_DT_BLAS
+ DT_INDEX=1
+ BLAS_INDEX=2
+ opt_string
+ DT=--scheduler1=DuctTeip
+ SG='--scheduler=SuperGlue --sched-lib=/pica/h1/afshin/Damavand/D3/sg_scheduler/bin/Debug/sg_scheduler.so'
+ BLAS='--scheduler2=cpuBLAS --sched-lib2='
+ cuBLAS='--scheduler=cuBLAS --sched-lib=/pica/h1/afshin/Damavand/D3/cuBLAS_scheduler/CUBLAS.so'
+ MAGMA=
+ SCH=' --scheduler1=DuctTeip --scheduler2=cpuBLAS --sched-lib2= '
+ rm '*.txt'
rm: cannot remove `*.txt': No such file or directory
+ cfg_SG_BLAS
+ SG_INDEX=1
+ BLAS_INDEX=2
+ opt_string
+ DT=--scheduler1=DuctTeip
+ SG='--scheduler1=SuperGlue --sched-lib1=/pica/h1/afshin/Damavand/D3/sg_scheduler/bin/Debug/sg_scheduler.so'
+ BLAS='--scheduler2=cpuBLAS --sched-lib2='
+ cuBLAS='--scheduler=cuBLAS --sched-lib=/pica/h1/afshin/Damavand/D3/cuBLAS_scheduler/CUBLAS.so'
+ MAGMA=
+ SCH=' --scheduler1=SuperGlue --sched-lib1=/pica/h1/afshin/Damavand/D3/sg_scheduler/bin/Debug/sg_scheduler.so --scheduler2=cpuBLAS --sched-lib2='
+ rm '*.txt'
rm: cannot remove `*.txt': No such file or directory
+ cfg_DT_SG_BLAS
+ DT_INDEX=1
+ SG_INDEX=2
+ BLAS_INDEX=3
+ opt_string
+ DT=--scheduler1=DuctTeip
+ SG='--scheduler2=SuperGlue --sched-lib2=/pica/h1/afshin/Damavand/D3/sg_scheduler/bin/Debug/sg_scheduler.so'
+ BLAS='--scheduler3=cpuBLAS --sched-lib3='
+ cuBLAS='--scheduler=cuBLAS --sched-lib=/pica/h1/afshin/Damavand/D3/cuBLAS_scheduler/CUBLAS.so'
+ MAGMA=
+ SCH=' --scheduler1=DuctTeip --scheduler2=SuperGlue --sched-lib2=/pica/h1/afshin/Damavand/D3/sg_scheduler/bin/Debug/sg_scheduler.so --scheduler3=cpuBLAS --sched-lib3= '
+ rm '*.txt'
rm: cannot remove `*.txt': No such file or directory
+ cfg_DT_cuBLAS
+ DT_INDEX=1
+ CUBLAS_INDEX=2
+ opt_string
+ DT=--scheduler1=DuctTeip
+ SG='--scheduler2=SuperGlue --sched-lib2=/pica/h1/afshin/Damavand/D3/sg_scheduler/bin/Debug/sg_scheduler.so'
+ BLAS='--scheduler3=cpuBLAS --sched-lib3='
+ cuBLAS='--scheduler2=cuBLAS --sched-lib2=/pica/h1/afshin/Damavand/D3/cuBLAS_scheduler/CUBLAS.so'
+ MAGMA=
+ SCH=' --scheduler1=DuctTeip --scheduler2=cuBLAS --sched-lib2=/pica/h1/afshin/Damavand/D3/cuBLAS_scheduler/CUBLAS.so '
+ mpirun -np 2 --map-by ppr:1:node --output-filename gemm_dt_cublas ./bin/Release/apps -M 10 2 1 -N 10 2 1 -P 1 -p 1 -q 1 -t 2 -T 300 --scheduler1=DuctTeip --scheduler2=cuBLAS --sched-lib2=/pica/h1/afshin/Damavand/D3/cuBLAS_scheduler/CUBLAS.so
+ rm dt_export_file-00.txt dt_export_file-01.txt dt_import_file-00.txt dt_import_file-01.txt dt_load_file-00.txt dt_load_file-01.txt dt_log_file-00.txt dt_log_file-01.txt sg_log_file-00.txt sg_log_file-01.txt
